Heap:
 PSYoungGen      total 199168K, used 104348K [0x00000000d6100000, 0x00000000e3200000, 0x0000000100000000)
  eden space 184832K, 51% used [0x00000000d6100000,0x00000000dbdcb0e0,0x00000000e1580000)
  from space 14336K, 65% used [0x00000000e2300000,0x00000000e2c1c2d0,0x00000000e3100000)
  to   space 13824K, 0% used [0x00000000e1580000,0x00000000e1580000,0x00000000e2300000)
 ParOldGen       total 73728K, used 23242K [0x0000000082200000, 0x0000000086a00000, 0x00000000d6100000)
  object space 73728K, 31% used [0x0000000082200000,0x00000000838b29b8,0x0000000086a00000)
 Metaspace       used 48460K, capacity 50768K, committed 51072K, reserved 1093632K
  class space    used 6585K, capacity 7010K, committed 7040K, reserved 1048576K
GC Heap History (10 events):
Event: 15.816 GC heap before
{Heap before GC invocations=10 (full 1):
 PSYoungGen      total 140800K, used 140780K [0x00000000d6100000, 0x00000000df500000, 0x0000000100000000)
  eden space 131072K, 100% used [0x00000000d6100000,0x00000000de100000,0x00000000de100000)
  from space 9728K, 99% used [0x00000000deb80000,0x00000000df4fb270,0x00000000df500000)
  to   space 10240K, 0% used [0x00000000de100000,0x00000000de100000,0x00000000deb00000)
 ParOldGen       total 51200K, used 6863K [0x0000000082200000, 0x0000000085400000, 0x00000000d6100000)
  object space 51200K, 13% used [0x0000000082200000,0x00000000828b3c08,0x0000000085400000)
 Metaspace       used 31957K, capacity 33270K, committed 33408K, reserved 1077248K
  class space    used 4441K, capacity 4723K, committed 4736K, reserved 1048576K
Event: 15.831 GC heap after
Heap after GC invocations=10 (full 1):
 PSYoungGen      total 141312K, used 10228K [0x00000000d6100000, 0x00000000e3100000, 0x0000000100000000)
  eden space 131072K, 0% used [0x00000000d6100000,0x00000000d6100000,0x00000000de100000)
  from space 10240K, 99% used [0x00000000de100000,0x00000000deafd360,0x00000000deb00000)
  to   space 14336K, 0% used [0x00000000e2300000,0x00000000e2300000,0x00000000e3100000)
 ParOldGen       total 51200K, used 9355K [0x0000000082200000, 0x0000000085400000, 0x00000000d6100000)
  object space 51200K, 18% used [0x0000000082200000,0x0000000082b22d18,0x0000000085400000)
 Metaspace       used 31957K, capacity 33270K, committed 33408K, reserved 1077248K
  class space    used 4441K, capacity 4723K, committed 4736K, reserved 1048576K
}
Event: 16.493 GC heap before
{Heap before GC invocations=11 (full 1):
 PSYoungGen      total 141312K, used 49653K [0x00000000d6100000, 0x00000000e3100000, 0x0000000100000000)
  eden space 131072K, 30% used [0x00000000d6100000,0x00000000d8780148,0x00000000de100000)
  from space 10240K, 99% used [0x00000000de100000,0x00000000deafd360,0x00000000deb00000)
  to   space 14336K, 0% used [0x00000000e2300000,0x00000000e2300000,0x00000000e3100000)
 ParOldGen       total 51200K, used 9355K [0x0000000082200000, 0x0000000085400000, 0x00000000d6100000)
  object space 51200K, 18% used [0x0000000082200000,0x0000000082b22d18,0x0000000085400000)
 Metaspace       used 33942K, capacity 35384K, committed 35456K, reserved 1079296K
  class space    used 4683K, capacity 4980K, committed 4992K, reserved 1048576K
Event: 16.514 GC heap after
Heap after GC invocations=11 (full 1):
 PSYoungGen      total 199168K, used 5644K [0x00000000d6100000, 0x00000000e3200000, 0x0000000100000000)
  eden space 184832K, 0% used [0x00000000d6100000,0x00000000d6100000,0x00000000e1580000)
  from space 14336K, 39% used [0x00000000e2300000,0x00000000e28833f0,0x00000000e3100000)
  to   space 13824K, 0% used [0x00000000e1580000,0x00000000e1580000,0x00000000e2300000)
 ParOldGen       total 51200K, used 14696K [0x0000000082200000, 0x0000000085400000, 0x00000000d6100000)
  object space 51200K, 28% used [0x0000000082200000,0x000000008305a1a0,0x0000000085400000)
 Metaspace       used 33942K, capacity 35384K, committed 35456K, reserved 1079296K
  class space    used 4683K, capacity 4980K, committed 4992K, reserved 1048576K
}
Event: 16.514 GC heap before
{Heap before GC invocations=12 (full 2):
 PSYoungGen      total 199168K, used 5644K [0x00000000d6100000, 0x00000000e3200000, 0x0000000100000000)
  eden space 184832K, 0% used [0x00000000d6100000,0x00000000d6100000,0x00000000e1580000)
  from space 14336K, 39% used [0x00000000e2300000,0x00000000e28833f0,0x00000000e3100000)
  to   space 13824K, 0% used [0x00000000e1580000,0x00000000e1580000,0x00000000e2300000)
 ParOldGen       total 51200K, used 14696K [0x0000000082200000, 0x0000000085400000, 0x00000000d6100000)
  object space 51200K, 28% used [0x0000000082200000,0x000000008305a1a0,0x0000000085400000)
 Metaspace       used 33942K, capacity 35384K, committed 35456K, reserved 1079296K
  class space    used 4683K, capacity 4980K, committed 4992K, reserved 1048576K
Event: 16.623 GC heap after
Heap after GC invocations=12 (full 2):
 PSYoungGen      total 199168K, used 0K [0x00000000d6100000, 0x00000000e3200000, 0x0000000100000000)
  eden space 184832K, 0% used [0x00000000d6100000,0x00000000d6100000,0x00000000e1580000)
  from space 14336K, 0% used [0x00000000e2300000,0x00000000e2300000,0x00000000e3100000)
  to   space 13824K, 0% used [0x00000000e1580000,0x00000000e1580000,0x00000000e2300000)
 ParOldGen       total 73728K, used 16067K [0x0000000082200000, 0x0000000086a00000, 0x00000000d6100000)
  object space 73728K, 21% used [0x0000000082200000,0x00000000831b0d98,0x0000000086a00000)
 Metaspace       used 33942K, capacity 35384K, committed 35456K, reserved 1079296K
  class space    used 4683K, capacity 4980K, committed 4992K, reserved 1048576K
}
Event: 18.303 GC heap before
{Heap before GC invocations=13 (full 2):
 PSYoungGen      total 199168K, used 184832K [0x00000000d6100000, 0x00000000e3200000, 0x0000000100000000)
  eden space 184832K, 100% used [0x00000000d6100000,0x00000000e1580000,0x00000000e1580000)
  from space 14336K, 0% used [0x00000000e2300000,0x00000000e2300000,0x00000000e3100000)
  to   space 13824K, 0% used [0x00000000e1580000,0x00000000e1580000,0x00000000e2300000)
 ParOldGen       total 73728K, used 16067K [0x0000000082200000, 0x0000000086a00000, 0x00000000d6100000)
  object space 73728K, 21% used [0x0000000082200000,0x00000000831b0d98,0x0000000086a00000)
 Metaspace       used 40641K, capacity 42622K, committed 42880K, reserved 1085440K
  class space    used 5505K, capacity 5911K, committed 6016K, reserved 1048576K
Event: 18.318 GC heap after
Heap after GC invocations=13 (full 2):
 PSYoungGen      total 198656K, used 13642K [0x00000000d6100000, 0x00000000e3200000, 0x0000000100000000)
  eden space 184832K, 0% used [0x00000000d6100000,0x00000000d6100000,0x00000000e1580000)
  from space 13824K, 98% used [0x00000000e1580000,0x00000000e22d2928,0x00000000e2300000)
  to   space 14336K, 0% used [0x00000000e2300000,0x00000000e2300000,0x00000000e3100000)
 ParOldGen       total 73728K, used 16075K [0x0000000082200000, 0x0000000086a00000, 0x00000000d6100000)
  object space 73728K, 21% used [0x0000000082200000,0x00000000831b2d98,0x0000000086a00000)
 Metaspace       used 40641K, capacity 42622K, committed 42880K, reserved 1085440K
  class space    used 5505K, capacity 5911K, committed 6016K, reserved 1048576K
}
Event: 21.182 GC heap before
{Heap before GC invocations=14 (full 2):
 PSYoungGen      total 198656K, used 198474K [0x00000000d6100000, 0x00000000e3200000, 0x0000000100000000)
  eden space 184832K, 100% used [0x00000000d6100000,0x00000000e1580000,0x00000000e1580000)
  from space 13824K, 98% used [0x00000000e1580000,0x00000000e22d2928,0x00000000e2300000)
  to   space 14336K, 0% used [0x00000000e2300000,0x00000000e2300000,0x00000000e3100000)
 ParOldGen       total 73728K, used 16075K [0x0000000082200000, 0x0000000086a00000, 0x00000000d6100000)
  object space 73728K, 21% used [0x0000000082200000,0x00000000831b2d98,0x0000000086a00000)
 Metaspace       used 44491K, capacity 46778K, committed 46976K, reserved 1089536K
  class space    used 6045K, capacity 6481K, committed 6528K, reserved 1048576K
Event: 21.201 GC heap after
Heap after GC invocations=14 (full 2):
 PSYoungGen      total 199168K, used 9328K [0x00000000d6100000, 0x00000000e3200000, 0x0000000100000000)
  eden space 184832K, 0% used [0x00000000d6100000,0x00000000d6100000,0x00000000e1580000)
  from space 14336K, 65% used [0x00000000e2300000,0x00000000e2c1c2d0,0x00000000e3100000)
  to   space 13824K, 0% used [0x00000000e1580000,0x00000000e1580000,0x00000000e2300000)
 ParOldGen       total 73728K, used 23242K [0x0000000082200000, 0x0000000086a00000, 0x00000000d6100000)
  object space 73728K, 31% used [0x0000000082200000,0x00000000838b29b8,0x0000000086a00000)
 Metaspace       used 44491K, capacity 46778K, committed 46976K, reserved 1089536K
  class space    used 6045K, capacity 6481K, committed 6528K, reserved 1048576K
}

