# JRE version: Java(TM) SE Runtime Environment (8.0_65-b17) (build 1.8.0_65-b17)
# Java VM: Java HotSpot(TM) 64-Bit Server VM (25.65-b01 mixed mode windows-amd64 compressed oops)
Heap:
 PSYoungGen      total 265728K, used 90750K [0x00000000d6100000, 0x00000000e9500000, 0x0000000100000000)
  eden space 256000K, 31% used [0x00000000d6100000,0x00000000db074560,0x00000000e5b00000)
  from space 9728K, 96% used [0x00000000e5b00000,0x00000000e642b578,0x00000000e6480000)
  to   space 10752K, 0% used [0x00000000e8a80000,0x00000000e8a80000,0x00000000e9500000)
 ParOldGen       total 93184K, used 17789K [0x0000000082200000, 0x0000000087d00000, 0x00000000d6100000)
  object space 93184K, 19% used [0x0000000082200000,0x000000008335f5c8,0x0000000087d00000)
 Metaspace       used 43852K, capacity 45854K, committed 45952K, reserved 1089536K
  class space    used 5418K, capacity 5755K, committed 5760K, reserved 1048576K
GC Heap History (10 events):
Event: 5.302 GC heap before
{Heap before GC invocations=9 (full 1):
 PSYoungGen      total 136704K, used 134672K [0x00000000d6100000, 0x00000000e3200000, 0x0000000100000000)
  eden space 130560K, 100% used [0x00000000d6100000,0x00000000de080000,0x00000000de080000)
  from space 6144K, 66% used [0x00000000de080000,0x00000000de484050,0x00000000de680000)
  to   space 6144K, 0% used [0x00000000e2c00000,0x00000000e2c00000,0x00000000e3200000)
 ParOldGen       total 52224K, used 5601K [0x0000000082200000, 0x0000000085500000, 0x00000000d6100000)
  object space 52224K, 10% used [0x0000000082200000,0x0000000082778470,0x0000000085500000)
 Metaspace       used 30830K, capacity 32122K, committed 32384K, reserved 1077248K
  class space    used 3945K, capacity 4193K, committed 4224K, reserved 1048576K
Event: 5.316 GC heap after
Heap after GC invocations=9 (full 1):
 PSYoungGen      total 202752K, used 6118K [0x00000000d6100000, 0x00000000e3200000, 0x0000000100000000)
  eden space 196608K, 0% used [0x00000000d6100000,0x00000000d6100000,0x00000000e2100000)
  from space 6144K, 99% used [0x00000000e2c00000,0x00000000e31f9880,0x00000000e3200000)
  to   space 8704K, 0% used [0x00000000e2100000,0x00000000e2100000,0x00000000e2980000)
 ParOldGen       total 52224K, used 9856K [0x0000000082200000, 0x0000000085500000, 0x00000000d6100000)
  object space 52224K, 18% used [0x0000000082200000,0x0000000082ba0148,0x0000000085500000)
 Metaspace       used 30830K, capacity 32122K, committed 32384K, reserved 1077248K
  class space    used 3945K, capacity 4193K, committed 4224K, reserved 1048576K
}
Event: 6.048 GC heap before
{Heap before GC invocations=10 (full 1):
 PSYoungGen      total 202752K, used 94517K [0x00000000d6100000, 0x00000000e3200000, 0x0000000100000000)
  eden space 196608K, 44% used [0x00000000d6100000,0x00000000db753f48,0x00000000e2100000)
  from space 6144K, 99% used [0x00000000e2c00000,0x00000000e31f9880,0x00000000e3200000)
  to   space 8704K, 0% used [0x00000000e2100000,0x00000000e2100000,0x00000000e2980000)
 ParOldGen       total 52224K, used 9856K [0x0000000082200000, 0x0000000085500000, 0x00000000d6100000)
  object space 52224K, 18% used [0x0000000082200000,0x0000000082ba0148,0x0000000085500000)
 Metaspace       used 33883K, capacity 35236K, committed 35416K, reserved 1081344K
  class space    used 4322K, capacity 4586K, committed 4608K, reserved 1048576K
Event: 6.067 GC heap after
Heap after GC invocations=10 (full 1):
 PSYoungGen      total 205312K, used 8674K [0x00000000d6100000, 0x00000000e7200000, 0x0000000100000000)
  eden space 196608K, 0% used [0x00000000d6100000,0x00000000d6100000,0x00000000e2100000)
  from space 8704K, 99% used [0x00000000e2100000,0x00000000e2978860,0x00000000e2980000)
  to   space 9728K, 0% used [0x00000000e6880000,0x00000000e6880000,0x00000000e7200000)
 ParOldGen       total 52224K, used 10016K [0x0000000082200000, 0x0000000085500000, 0x00000000d6100000)
  object space 52224K, 19% used [0x0000000082200000,0x0000000082bc8158,0x0000000085500000)
 Metaspace       used 33883K, capacity 35236K, committed 35416K, reserved 1081344K
  class space    used 4322K, capacity 4586K, committed 4608K, reserved 1048576K
}
Event: 6.067 GC heap before
{Heap before GC invocations=11 (full 2):
 PSYoungGen      total 205312K, used 8674K [0x00000000d6100000, 0x00000000e7200000, 0x0000000100000000)
  eden space 196608K, 0% used [0x00000000d6100000,0x00000000d6100000,0x00000000e2100000)
  from space 8704K, 99% used [0x00000000e2100000,0x00000000e2978860,0x00000000e2980000)
  to   space 9728K, 0% used [0x00000000e6880000,0x00000000e6880000,0x00000000e7200000)
 ParOldGen       total 52224K, used 10016K [0x0000000082200000, 0x0000000085500000, 0x00000000d6100000)
  object space 52224K, 19% used [0x0000000082200000,0x0000000082bc8158,0x0000000085500000)
 Metaspace       used 33883K, capacity 35236K, committed 35416K, reserved 1081344K
  class space    used 4322K, capacity 4586K, committed 4608K, reserved 1048576K
Event: 6.185 GC heap after
Heap after GC invocations=11 (full 2):
 PSYoungGen      total 205312K, used 0K [0x00000000d6100000, 0x00000000e7200000, 0x0000000100000000)
  eden space 196608K, 0% used [0x00000000d6100000,0x00000000d6100000,0x00000000e2100000)
  from space 8704K, 0% used [0x00000000e2100000,0x00000000e2100000,0x00000000e2980000)
  to   space 9728K, 0% used [0x00000000e6880000,0x00000000e6880000,0x00000000e7200000)
 ParOldGen       total 93184K, used 17773K [0x0000000082200000, 0x0000000087d00000, 0x00000000d6100000)
  object space 93184K, 19% used [0x0000000082200000,0x000000008335b5c8,0x0000000087d00000)
 Metaspace       used 33883K, capacity 35236K, committed 35416K, reserved 1081344K
  class space    used 4322K, capacity 4586K, committed 4608K, reserved 1048576K
}
Event: 7.585 GC heap before
{Heap before GC invocations=12 (full 2):
 PSYoungGen      total 205312K, used 196608K [0x00000000d6100000, 0x00000000e7200000, 0x0000000100000000)
  eden space 196608K, 100% used [0x00000000d6100000,0x00000000e2100000,0x00000000e2100000)
  from space 8704K, 0% used [0x00000000e2100000,0x00000000e2100000,0x00000000e2980000)
  to   space 9728K, 0% used [0x00000000e6880000,0x00000000e6880000,0x00000000e7200000)
 ParOldGen       total 93184K, used 17773K [0x0000000082200000, 0x0000000087d00000, 0x00000000d6100000)
  object space 93184K, 19% used [0x0000000082200000,0x000000008335b5c8,0x0000000087d00000)
 Metaspace       used 37235K, capacity 38848K, committed 38912K, reserved 1083392K
  class space    used 4760K, capacity 5070K, committed 5120K, reserved 1048576K
Event: 7.598 GC heap after
Heap after GC invocations=12 (full 2):
 PSYoungGen      total 249856K, used 5591K [0x00000000d6100000, 0x00000000e6e00000, 0x0000000100000000)
  eden space 244224K, 0% used [0x00000000d6100000,0x00000000d6100000,0x00000000e4f80000)
  from space 5632K, 99% used [0x00000000e6880000,0x00000000e6df5ea8,0x00000000e6e00000)
  to   space 9728K, 0% used [0x00000000e5b00000,0x00000000e5b00000,0x00000000e6480000)
 ParOldGen       total 93184K, used 17781K [0x0000000082200000, 0x0000000087d00000, 0x00000000d6100000)
  object space 93184K, 19% used [0x0000000082200000,0x000000008335d5c8,0x0000000087d00000)
 Metaspace       used 37235K, capacity 38848K, committed 38912K, reserved 1083392K
  class space    used 4760K, capacity 5070K, committed 5120K, reserved 1048576K
}
Event: 304.368 GC heap before
{Heap before GC invocations=13 (full 2):
 PSYoungGen      total 249856K, used 249815K [0x00000000d6100000, 0x00000000e6e00000, 0x0000000100000000)
  eden space 244224K, 100% used [0x00000000d6100000,0x00000000e4f80000,0x00000000e4f80000)
  from space 5632K, 99% used [0x00000000e6880000,0x00000000e6df5ea8,0x00000000e6e00000)
  to   space 9728K, 0% used [0x00000000e5b00000,0x00000000e5b00000,0x00000000e6480000)
 ParOldGen       total 93184K, used 17781K [0x0000000082200000, 0x0000000087d00000, 0x00000000d6100000)
  object space 93184K, 19% used [0x0000000082200000,0x000000008335d5c8,0x0000000087d00000)
 Metaspace       used 43578K, capacity 45526K, committed 45696K, reserved 1089536K
  class space    used 5418K, capacity 5755K, committed 5760K, reserved 1048576K
Event: 304.454 GC heap after
Heap after GC invocations=13 (full 2):
 PSYoungGen      total 265728K, used 9389K [0x00000000d6100000, 0x00000000e9500000, 0x0000000100000000)
  eden space 256000K, 0% used [0x00000000d6100000,0x00000000d6100000,0x00000000e5b00000)
  from space 9728K, 96% used [0x00000000e5b00000,0x00000000e642b578,0x00000000e6480000)
  to   space 10752K, 0% used [0x00000000e8a80000,0x00000000e8a80000,0x00000000e9500000)
 ParOldGen       total 93184K, used 17789K [0x0000000082200000, 0x0000000087d00000, 0x00000000d6100000)
  object space 93184K, 19% used [0x0000000082200000,0x000000008335f5c8,0x0000000087d00000)
 Metaspace       used 43578K, capacity 45526K, committed 45696K, reserved 1089536K
  class space    used 5418K, capacity 5755K, committed 5760K, reserved 1048576K
}

